<?xml version="1.0" encoding="UTF-8"?>
<!-- Generated by org.testng.reporters.JUnitReportReporter -->
<testsuite hostname="HBPC-HWMBD15-001" failures="0" tests="3" name="com.exemple.AppTest" time="0.331" errors="0" timestamp="2024-07-31T15:50:02 CEST" skipped="0">
  <testcase classname="com.exemple.AppTest" name="testConvertToJson" time="0.314"/>
  <system-out/>
  <testcase classname="com.exemple.AppTest" name="testApp" time="0.001"/>
  <system-out/>
  <testcase classname="com.exemple.AppTest" name="testCapitalizeString" time="0.016"/>
  <system-out/>
</testsuite> <!-- com.exemple.AppTest -->
